usage: discogan.py [-h] [--epoch EPOCH] [--n_epochs N_EPOCHS]
                   [--data_path DATA_PATH] [--output_path OUTPUT_PATH]
                   [--log_path LOG_PATH] [--batch_size BATCH_SIZE] [--lr LR]
                   [--b1 B1] [--b2 B2] [--n_cpu N_CPU]
                   [--a_channels A_CHANNELS] [--b_channels B_CHANNELS]
                   [--img_height IMG_HEIGHT] [--img_width IMG_WIDTH]
                   [--sample_interval SAMPLE_INTERVAL]
                   [--checkpoint_interval CHECKPOINT_INTERVAL] [--gray GRAY]
                   [--lambda_adv LAMBDA_ADV] [--lambda_cycle LAMBDA_CYCLE]
                   [--lambda_perceptual LAMBDA_PERCEPTUAL]
                   [--lambda_content LAMBDA_CONTENT]
                   [--warmup_epoch WARMUP_EPOCH]
discogan.py: error: unrecognized arguments: discogan_vgg_final.log
usage: discogan.py [-h] [--epoch EPOCH] [--n_epochs N_EPOCHS]
                   [--data_path DATA_PATH] [--output_path OUTPUT_PATH]
                   [--log_path LOG_PATH] [--batch_size BATCH_SIZE] [--lr LR]
                   [--b1 B1] [--b2 B2] [--n_cpu N_CPU]
                   [--a_channels A_CHANNELS] [--b_channels B_CHANNELS]
                   [--img_height IMG_HEIGHT] [--img_width IMG_WIDTH]
                   [--sample_interval SAMPLE_INTERVAL]
                   [--checkpoint_interval CHECKPOINT_INTERVAL] [--gray GRAY]
                   [--lambda_adv LAMBDA_ADV] [--lambda_cycle LAMBDA_CYCLE]
                   [--lambda_perceptual LAMBDA_PERCEPTUAL]
                   [--lambda_content LAMBDA_CONTENT]
                   [--warmup_epoch WARMUP_EPOCH]
discogan.py: error: unrecognized arguments: discogan_vgg_final.log
usage: discogan.py [-h] [--epoch EPOCH] [--n_epochs N_EPOCHS]
                   [--data_path DATA_PATH] [--output_path OUTPUT_PATH]
                   [--log_path LOG_PATH] [--batch_size BATCH_SIZE] [--lr LR]
                   [--b1 B1] [--b2 B2] [--n_cpu N_CPU]
                   [--a_channels A_CHANNELS] [--b_channels B_CHANNELS]
                   [--img_height IMG_HEIGHT] [--img_width IMG_WIDTH]
                   [--sample_interval SAMPLE_INTERVAL]
                   [--checkpoint_interval CHECKPOINT_INTERVAL] [--gray GRAY]
                   [--lambda_adv LAMBDA_ADV] [--lambda_cycle LAMBDA_CYCLE]
                   [--lambda_perceptual LAMBDA_PERCEPTUAL]
                   [--lambda_content LAMBDA_CONTENT]
                   [--warmup_epoch WARMUP_EPOCH]
discogan.py: error: unrecognized arguments: discogan_vgg_final.log
